<?xml version="1.0" encoding="UTF-8"?>
<!-- Generated by org.testng.reporters.JUnitXMLReporter -->
<testsuite hostname="LAPTOP-F1M00SRG" ignored="0" name="Test" tests="3" failures="0" timestamp="06 Sep 2019 01:19:49 GMT" time="17.123" errors="0">
  <testcase name="verifyLaunchApplication" time="1.452" classname="com.FR.TestCases.ExecuteTest"/>
  <testcase name="verifylogin" time="5.115" classname="com.FR.TestCases.ExecuteTest"/>
  <testcase name="verifyTicketBooking" time="3.533" classname="com.FR.TestCases.ExecuteTest"/>
</testsuite> <!-- Test -->
